0 info it worked if it ends with ok
1 verbose cli [ '/usr/local/bin/node', '/usr/local/bin/npm', 'start' ]
2 info using npm@3.8.6
3 info using node@v5.10.1
4 verbose run-script [ 'prestart', 'start', 'poststart' ]
5 info lifecycle kurento-one2many-call@6.2.2-dev~prestart: kurento-one2many-call@6.2.2-dev
6 silly lifecycle kurento-one2many-call@6.2.2-dev~prestart: no script for prestart, continuing
7 info lifecycle kurento-one2many-call@6.2.2-dev~start: kurento-one2many-call@6.2.2-dev
8 verbose lifecycle kurento-one2many-call@6.2.2-dev~start: unsafe-perm in lifecycle true
9 verbose lifecycle kurento-one2many-call@6.2.2-dev~start: PATH: /usr/local/lib/node_modules/npm/bin/node-gyp-bin:/media/huanpc/DATA4/EdTech/github/stream-server/voice_stream/node_modules/.bin:/usr/local/bin:/home/huanpc/bin:/usr/local/sbin:/usr/local/bin:/usr/sbin:/usr/bin:/sbin:/bin:/usr/games:/usr/local/games:/usr/lib/jvm/java-7-oracle/bin:/usr/lib/jvm/java-7-oracle/db/bin:/usr/lib/jvm/java-7-oracle/jre/bin:/usr/lib/jvm/java-7-oracle/bin:/home/huanpc/Android/Sdk/tools:/home/huanpc/Android/Sdk/platform-tools
10 verbose lifecycle kurento-one2many-call@6.2.2-dev~start: CWD: /media/huanpc/DATA4/EdTech/github/stream-server/voice_stream
11 silly lifecycle kurento-one2many-call@6.2.2-dev~start: Args: [ '-c', 'node server.js' ]
12 silly lifecycle kurento-one2many-call@6.2.2-dev~start: Returned: code: 1  signal: null
13 info lifecycle kurento-one2many-call@6.2.2-dev~start: Failed to exec start script
14 verbose stack Error: kurento-one2many-call@6.2.2-dev start: `node server.js`
14 verbose stack Exit status 1
14 verbose stack     at EventEmitter.<anonymous> (/usr/local/lib/node_modules/npm/lib/utils/lifecycle.js:239:16)
14 verbose stack     at emitTwo (events.js:100:13)
14 verbose stack     at EventEmitter.emit (events.js:185:7)
14 verbose stack     at ChildProcess.<anonymous> (/usr/local/lib/node_modules/npm/lib/utils/spawn.js:24:14)
14 verbose stack     at emitTwo (events.js:100:13)
14 verbose stack     at ChildProcess.emit (events.js:185:7)
14 verbose stack     at maybeClose (internal/child_process.js:850:16)
14 verbose stack     at Process.ChildProcess._handle.onexit (internal/child_process.js:215:5)
15 verbose pkgid kurento-one2many-call@6.2.2-dev
16 verbose cwd /media/huanpc/DATA4/EdTech/github/stream-server/voice_stream
17 error Linux 3.16.0-57-generic
18 error argv "/usr/local/bin/node" "/usr/local/bin/npm" "start"
19 error node v5.10.1
20 error npm  v3.8.6
21 error code ELIFECYCLE
22 error kurento-one2many-call@6.2.2-dev start: `node server.js`
22 error Exit status 1
23 error Failed at the kurento-one2many-call@6.2.2-dev start script 'node server.js'.
23 error Make sure you have the latest version of node.js and npm installed.
23 error If you do, this is most likely a problem with the kurento-one2many-call package,
23 error not with npm itself.
23 error Tell the author that this fails on your system:
23 error     node server.js
23 error You can get information on how to open an issue for this project with:
23 error     npm bugs kurento-one2many-call
23 error Or if that isn't available, you can get their info via:
23 error     npm owner ls kurento-one2many-call
23 error There is likely additional logging output above.
24 verbose exit [ 1, true ]
