0 info it worked if it ends with ok
1 verbose cli [ '/usr/local/bin/node',
1 verbose cli   '/usr/local/bin/npm',
1 verbose cli   'install',
1 verbose cli   'express-generator',
1 verbose cli   '-g' ]
2 info using npm@3.8.5
3 info using node@v5.10.1
4 silly loadCurrentTree Starting
5 silly install loadCurrentTree
6 silly install readGlobalPackageData
7 silly fetchPackageMetaData express-generator
8 silly fetchNamedPackageData express-generator
9 silly mapToRegistry name express-generator
10 silly mapToRegistry using default registry
11 silly mapToRegistry registry https://registry.npmjs.org/
12 silly mapToRegistry data Result {
12 silly mapToRegistry   raw: 'express-generator',
12 silly mapToRegistry   scope: null,
12 silly mapToRegistry   name: 'express-generator',
12 silly mapToRegistry   rawSpec: '',
12 silly mapToRegistry   spec: 'latest',
12 silly mapToRegistry   type: 'tag' }
13 silly mapToRegistry uri https://registry.npmjs.org/express-generator
14 verbose request uri https://registry.npmjs.org/express-generator
15 verbose request no auth needed
16 info attempt registry request try #1 at 11:02:19 AM
17 verbose request id 796fb8125a8ecba1
18 http request GET https://registry.npmjs.org/express-generator
19 http 200 https://registry.npmjs.org/express-generator
20 verbose headers { server: 'CouchDB/1.5.0 (Erlang OTP/R16B03)',
20 verbose headers   etag: '"9B7O0RT1QVGSSDK0PG0MRYP7Y"',
20 verbose headers   'content-type': 'application/json',
20 verbose headers   'content-encoding': 'gzip',
20 verbose headers   'cache-control': 'max-age=300',
20 verbose headers   'content-length': '4332',
20 verbose headers   'accept-ranges': 'bytes',
20 verbose headers   date: 'Sat, 09 Apr 2016 04:02:22 GMT',
20 verbose headers   via: '1.1 varnish',
20 verbose headers   age: '0',
20 verbose headers   connection: 'keep-alive',
20 verbose headers   'x-served-by': 'cache-ams4141-AMS',
20 verbose headers   'x-cache': 'HIT',
20 verbose headers   'x-cache-hits': '1',
20 verbose headers   'x-timer': 'S1460174541.296011,VS0,VE726',
20 verbose headers   vary: 'Accept-Encoding' }
21 silly get cb [ 200,
21 silly get   { server: 'CouchDB/1.5.0 (Erlang OTP/R16B03)',
21 silly get     etag: '"9B7O0RT1QVGSSDK0PG0MRYP7Y"',
21 silly get     'content-type': 'application/json',
21 silly get     'content-encoding': 'gzip',
21 silly get     'cache-control': 'max-age=300',
21 silly get     'content-length': '4332',
21 silly get     'accept-ranges': 'bytes',
21 silly get     date: 'Sat, 09 Apr 2016 04:02:22 GMT',
21 silly get     via: '1.1 varnish',
21 silly get     age: '0',
21 silly get     connection: 'keep-alive',
21 silly get     'x-served-by': 'cache-ams4141-AMS',
21 silly get     'x-cache': 'HIT',
21 silly get     'x-cache-hits': '1',
21 silly get     'x-timer': 'S1460174541.296011,VS0,VE726',
21 silly get     vary: 'Accept-Encoding' } ]
22 verbose get saving express-generator to /home/huanpc/.npm/registry.npmjs.org/express-generator/.cache.json
23 verbose correctMkdir /home/huanpc/.npm correctMkdir not in flight; initializing
24 silly install normalizeTree
25 silly loadCurrentTree Finishing
26 silly loadIdealTree Starting
27 silly install loadIdealTree
28 silly cloneCurrentTree Starting
29 silly install cloneCurrentTreeToIdealTree
30 silly cloneCurrentTree Finishing
31 silly loadShrinkwrap Starting
32 silly install loadShrinkwrap
33 silly loadShrinkwrap Finishing
34 silly loadAllDepsIntoIdealTree Starting
35 silly install loadAllDepsIntoIdealTree
36 silly resolveWithNewModule express-generator@4.13.1 checking installable status
37 silly cache add args [ 'express-generator', null ]
38 verbose cache add spec express-generator
39 silly cache add parsed spec Result {
39 silly cache add   raw: 'express-generator',
39 silly cache add   scope: null,
39 silly cache add   name: 'express-generator',
39 silly cache add   rawSpec: '',
39 silly cache add   spec: 'latest',
39 silly cache add   type: 'tag' }
40 silly addNamed express-generator@latest
41 verbose addNamed "latest" is being treated as a dist-tag for express-generator
42 info addNameTag [ 'express-generator', 'latest' ]
43 silly mapToRegistry name express-generator
44 silly mapToRegistry using default registry
45 silly mapToRegistry registry https://registry.npmjs.org/
46 silly mapToRegistry data Result {
46 silly mapToRegistry   raw: 'express-generator',
46 silly mapToRegistry   scope: null,
46 silly mapToRegistry   name: 'express-generator',
46 silly mapToRegistry   rawSpec: '',
46 silly mapToRegistry   spec: 'latest',
46 silly mapToRegistry   type: 'tag' }
47 silly mapToRegistry uri https://registry.npmjs.org/express-generator
48 verbose addNameTag registry:https://registry.npmjs.org/express-generator not in flight; fetching
49 verbose get https://registry.npmjs.org/express-generator not expired, no request
50 silly addNameTag next cb for express-generator with tag latest
51 silly addNamed express-generator@4.13.1
52 verbose addNamed "4.13.1" is a plain semver version for express-generator
53 silly mapToRegistry name express-generator
54 silly mapToRegistry using default registry
55 silly mapToRegistry registry https://registry.npmjs.org/
56 silly mapToRegistry data Result {
56 silly mapToRegistry   raw: 'express-generator',
56 silly mapToRegistry   scope: null,
56 silly mapToRegistry   name: 'express-generator',
56 silly mapToRegistry   rawSpec: '',
56 silly mapToRegistry   spec: 'latest',
56 silly mapToRegistry   type: 'tag' }
57 silly mapToRegistry uri https://registry.npmjs.org/express-generator
58 verbose addRemoteTarball https://registry.npmjs.org/express-generator/-/express-generator-4.13.1.tgz not in flight; adding
59 verbose addRemoteTarball [ 'https://registry.npmjs.org/express-generator/-/express-generator-4.13.1.tgz',
59 verbose addRemoteTarball   '58351b31f0c7da770c2872bf2a50b9e9359f9968' ]
60 info retry fetch attempt 1 at 11:02:22 AM
61 info attempt registry request try #1 at 11:02:22 AM
62 http fetch GET https://registry.npmjs.org/express-generator/-/express-generator-4.13.1.tgz
63 http fetch 200 https://registry.npmjs.org/express-generator/-/express-generator-4.13.1.tgz
64 silly fetchAndShaCheck shasum 58351b31f0c7da770c2872bf2a50b9e9359f9968
65 verbose addTmpTarball /tmp/npm-7414-008c7505/registry.npmjs.org/express-generator/-/express-generator-4.13.1.tgz not in flight; adding
66 verbose addTmpTarball already have metadata; skipping unpack for express-generator@4.13.1
67 verbose correctMkdir /home/huanpc/.npm correctMkdir not in flight; initializing
68 silly cache afterAdd express-generator@4.13.1
69 verbose afterAdd /home/huanpc/.npm/express-generator/4.13.1/package/package.json not in flight; writing
70 verbose correctMkdir /home/huanpc/.npm correctMkdir not in flight; initializing
71 verbose afterAdd /home/huanpc/.npm/express-generator/4.13.1/package/package.json written
72 silly fetchNamedPackageData commander
73 silly mapToRegistry name commander
74 silly mapToRegistry using default registry
75 silly mapToRegistry registry https://registry.npmjs.org/
76 silly mapToRegistry data Result {
76 silly mapToRegistry   raw: 'commander',
76 silly mapToRegistry   scope: null,
76 silly mapToRegistry   name: 'commander',
76 silly mapToRegistry   rawSpec: '',
76 silly mapToRegistry   spec: 'latest',
76 silly mapToRegistry   type: 'tag' }
77 silly mapToRegistry uri https://registry.npmjs.org/commander
78 silly fetchNamedPackageData mkdirp
79 silly mapToRegistry name mkdirp
80 silly mapToRegistry using default registry
81 silly mapToRegistry registry https://registry.npmjs.org/
82 silly mapToRegistry data Result {
82 silly mapToRegistry   raw: 'mkdirp',
82 silly mapToRegistry   scope: null,
82 silly mapToRegistry   name: 'mkdirp',
82 silly mapToRegistry   rawSpec: '',
82 silly mapToRegistry   spec: 'latest',
82 silly mapToRegistry   type: 'tag' }
83 silly mapToRegistry uri https://registry.npmjs.org/mkdirp
84 silly fetchNamedPackageData sorted-object
85 silly mapToRegistry name sorted-object
86 silly mapToRegistry using default registry
87 silly mapToRegistry registry https://registry.npmjs.org/
88 silly mapToRegistry data Result {
88 silly mapToRegistry   raw: 'sorted-object',
88 silly mapToRegistry   scope: null,
88 silly mapToRegistry   name: 'sorted-object',
88 silly mapToRegistry   rawSpec: '',
88 silly mapToRegistry   spec: 'latest',
88 silly mapToRegistry   type: 'tag' }
89 silly mapToRegistry uri https://registry.npmjs.org/sorted-object
90 verbose request uri https://registry.npmjs.org/sorted-object
91 verbose request no auth needed
92 info attempt registry request try #1 at 11:02:22 AM
93 http request GET https://registry.npmjs.org/sorted-object
94 verbose request uri https://registry.npmjs.org/commander
95 verbose request no auth needed
96 info attempt registry request try #1 at 11:02:22 AM
97 verbose etag "36OLUAR88RQOGU9QI4X9MMSH"
98 http request GET https://registry.npmjs.org/commander
99 verbose request uri https://registry.npmjs.org/mkdirp
100 verbose request no auth needed
101 info attempt registry request try #1 at 11:02:22 AM
102 verbose etag "5W3ACBNKRFPL2Z6TW9SS0IFTD"
103 http request GET https://registry.npmjs.org/mkdirp
104 http 200 https://registry.npmjs.org/sorted-object
105 verbose headers { server: 'CouchDB/1.5.0 (Erlang OTP/R16B03)',
105 verbose headers   etag: '"CRZ79N3CN8P8NK1PR2952VH73"',
105 verbose headers   'content-type': 'application/json',
105 verbose headers   'cache-control': 'max-age=300',
105 verbose headers   'content-length': '4117',
105 verbose headers   'accept-ranges': 'bytes',
105 verbose headers   date: 'Sat, 09 Apr 2016 04:02:23 GMT',
105 verbose headers   via: '1.1 varnish',
105 verbose headers   age: '287',
105 verbose headers   connection: 'keep-alive',
105 verbose headers   'x-served-by': 'cache-ams4141-AMS',
105 verbose headers   'x-cache': 'HIT',
105 verbose headers   'x-cache-hits': '1',
105 verbose headers   'x-timer': 'S1460174543.016008,VS0,VE0',
105 verbose headers   vary: 'Accept-Encoding' }
106 silly get cb [ 200,
106 silly get   { server: 'CouchDB/1.5.0 (Erlang OTP/R16B03)',
106 silly get     etag: '"CRZ79N3CN8P8NK1PR2952VH73"',
106 silly get     'content-type': 'application/json',
106 silly get     'cache-control': 'max-age=300',
106 silly get     'content-length': '4117',
106 silly get     'accept-ranges': 'bytes',
106 silly get     date: 'Sat, 09 Apr 2016 04:02:23 GMT',
106 silly get     via: '1.1 varnish',
106 silly get     age: '287',
106 silly get     connection: 'keep-alive',
106 silly get     'x-served-by': 'cache-ams4141-AMS',
106 silly get     'x-cache': 'HIT',
106 silly get     'x-cache-hits': '1',
106 silly get     'x-timer': 'S1460174543.016008,VS0,VE0',
106 silly get     vary: 'Accept-Encoding' } ]
107 verbose get saving sorted-object to /home/huanpc/.npm/registry.npmjs.org/sorted-object/.cache.json
108 verbose correctMkdir /home/huanpc/.npm correctMkdir not in flight; initializing
109 silly resolveWithNewModule sorted-object@1.0.0 checking installable status
110 silly cache add args [ 'sorted-object@1.0.0', null ]
111 verbose cache add spec sorted-object@1.0.0
112 silly cache add parsed spec Result {
112 silly cache add   raw: 'sorted-object@1.0.0',
112 silly cache add   scope: null,
112 silly cache add   name: 'sorted-object',
112 silly cache add   rawSpec: '1.0.0',
112 silly cache add   spec: '1.0.0',
112 silly cache add   type: 'version' }
113 silly addNamed sorted-object@1.0.0
114 verbose addNamed "1.0.0" is a plain semver version for sorted-object
115 silly mapToRegistry name sorted-object
116 silly mapToRegistry using default registry
117 silly mapToRegistry registry https://registry.npmjs.org/
118 silly mapToRegistry data Result {
118 silly mapToRegistry   raw: 'sorted-object',
118 silly mapToRegistry   scope: null,
118 silly mapToRegistry   name: 'sorted-object',
118 silly mapToRegistry   rawSpec: '',
118 silly mapToRegistry   spec: 'latest',
118 silly mapToRegistry   type: 'tag' }
119 silly mapToRegistry uri https://registry.npmjs.org/sorted-object
120 verbose addNameVersion registry:https://registry.npmjs.org/sorted-object not in flight; fetching
121 verbose get https://registry.npmjs.org/sorted-object not expired, no request
122 silly mapToRegistry name sorted-object
123 silly mapToRegistry using default registry
124 silly mapToRegistry registry https://registry.npmjs.org/
125 silly mapToRegistry data Result {
125 silly mapToRegistry   raw: 'sorted-object',
125 silly mapToRegistry   scope: null,
125 silly mapToRegistry   name: 'sorted-object',
125 silly mapToRegistry   rawSpec: '',
125 silly mapToRegistry   spec: 'latest',
125 silly mapToRegistry   type: 'tag' }
126 silly mapToRegistry uri https://registry.npmjs.org/sorted-object
127 verbose addRemoteTarball https://registry.npmjs.org/sorted-object/-/sorted-object-1.0.0.tgz not in flight; adding
128 verbose addRemoteTarball [ 'https://registry.npmjs.org/sorted-object/-/sorted-object-1.0.0.tgz',
128 verbose addRemoteTarball   '5d1f4f9c1fb2cd48965967304e212eb44cfb6d05' ]
129 info retry fetch attempt 1 at 11:02:23 AM
130 info attempt registry request try #1 at 11:02:23 AM
131 http fetch GET https://registry.npmjs.org/sorted-object/-/sorted-object-1.0.0.tgz
132 http fetch 200 https://registry.npmjs.org/sorted-object/-/sorted-object-1.0.0.tgz
133 silly fetchAndShaCheck shasum 5d1f4f9c1fb2cd48965967304e212eb44cfb6d05
134 verbose addTmpTarball /tmp/npm-7414-008c7505/registry.npmjs.org/sorted-object/-/sorted-object-1.0.0.tgz not in flight; adding
135 verbose addTmpTarball already have metadata; skipping unpack for sorted-object@1.0.0
136 verbose correctMkdir /home/huanpc/.npm correctMkdir not in flight; initializing
137 silly cache afterAdd sorted-object@1.0.0
138 verbose afterAdd /home/huanpc/.npm/sorted-object/1.0.0/package/package.json not in flight; writing
139 verbose correctMkdir /home/huanpc/.npm correctMkdir not in flight; initializing
140 verbose afterAdd /home/huanpc/.npm/sorted-object/1.0.0/package/package.json written
141 http 304 https://registry.npmjs.org/mkdirp
142 verbose headers { date: 'Sat, 09 Apr 2016 04:02:23 GMT',
142 verbose headers   via: '1.1 varnish',
142 verbose headers   'cache-control': 'max-age=300',
142 verbose headers   etag: '"5W3ACBNKRFPL2Z6TW9SS0IFTD"',
142 verbose headers   age: '200',
142 verbose headers   connection: 'keep-alive',
142 verbose headers   'x-served-by': 'cache-sjc3128-SJC',
142 verbose headers   'x-cache': 'HIT',
142 verbose headers   'x-cache-hits': '5',
142 verbose headers   'x-timer': 'S1460174543.629741,VS0,VE0',
142 verbose headers   vary: 'Accept-Encoding' }
143 silly get cb [ 304,
143 silly get   { date: 'Sat, 09 Apr 2016 04:02:23 GMT',
143 silly get     via: '1.1 varnish',
143 silly get     'cache-control': 'max-age=300',
143 silly get     etag: '"5W3ACBNKRFPL2Z6TW9SS0IFTD"',
143 silly get     age: '200',
143 silly get     connection: 'keep-alive',
143 silly get     'x-served-by': 'cache-sjc3128-SJC',
143 silly get     'x-cache': 'HIT',
143 silly get     'x-cache-hits': '5',
143 silly get     'x-timer': 'S1460174543.629741,VS0,VE0',
143 silly get     vary: 'Accept-Encoding' } ]
144 verbose etag https://registry.npmjs.org/mkdirp from cache
145 verbose get saving mkdirp to /home/huanpc/.npm/registry.npmjs.org/mkdirp/.cache.json
146 verbose correctMkdir /home/huanpc/.npm correctMkdir not in flight; initializing
147 silly resolveWithNewModule mkdirp@0.5.1 checking installable status
148 silly cache add args [ 'mkdirp@0.5.1', null ]
149 verbose cache add spec mkdirp@0.5.1
150 silly cache add parsed spec Result {
150 silly cache add   raw: 'mkdirp@0.5.1',
150 silly cache add   scope: null,
150 silly cache add   name: 'mkdirp',
150 silly cache add   rawSpec: '0.5.1',
150 silly cache add   spec: '0.5.1',
150 silly cache add   type: 'version' }
151 silly addNamed mkdirp@0.5.1
152 verbose addNamed "0.5.1" is a plain semver version for mkdirp
153 silly mapToRegistry name mkdirp
154 silly mapToRegistry using default registry
155 silly mapToRegistry registry https://registry.npmjs.org/
156 silly mapToRegistry data Result {
156 silly mapToRegistry   raw: 'mkdirp',
156 silly mapToRegistry   scope: null,
156 silly mapToRegistry   name: 'mkdirp',
156 silly mapToRegistry   rawSpec: '',
156 silly mapToRegistry   spec: 'latest',
156 silly mapToRegistry   type: 'tag' }
157 silly mapToRegistry uri https://registry.npmjs.org/mkdirp
158 verbose addNameVersion registry:https://registry.npmjs.org/mkdirp not in flight; fetching
159 verbose get https://registry.npmjs.org/mkdirp not expired, no request
160 silly cache afterAdd mkdirp@0.5.1
161 verbose afterAdd /home/huanpc/.npm/mkdirp/0.5.1/package/package.json not in flight; writing
162 verbose correctMkdir /home/huanpc/.npm correctMkdir not in flight; initializing
163 verbose afterAdd /home/huanpc/.npm/mkdirp/0.5.1/package/package.json written
164 http 200 https://registry.npmjs.org/commander
165 verbose headers { server: 'CouchDB/1.5.0 (Erlang OTP/R16B03)',
165 verbose headers   etag: '"42AEFFRY56UERSU7JL6SST5A1"',
165 verbose headers   'content-type': 'application/json',
165 verbose headers   'cache-control': 'max-age=300',
165 verbose headers   'content-length': '61848',
165 verbose headers   'accept-ranges': 'bytes',
165 verbose headers   date: 'Sat, 09 Apr 2016 04:02:23 GMT',
165 verbose headers   via: '1.1 varnish',
165 verbose headers   age: '272',
165 verbose headers   connection: 'keep-alive',
165 verbose headers   'x-served-by': 'cache-sjc3133-SJC',
165 verbose headers   'x-cache': 'HIT',
165 verbose headers   'x-cache-hits': '5',
165 verbose headers   'x-timer': 'S1460174543.609624,VS0,VE0',
165 verbose headers   vary: 'Accept-Encoding' }
166 silly get cb [ 200,
166 silly get   { server: 'CouchDB/1.5.0 (Erlang OTP/R16B03)',
166 silly get     etag: '"42AEFFRY56UERSU7JL6SST5A1"',
166 silly get     'content-type': 'application/json',
166 silly get     'cache-control': 'max-age=300',
166 silly get     'content-length': '61848',
166 silly get     'accept-ranges': 'bytes',
166 silly get     date: 'Sat, 09 Apr 2016 04:02:23 GMT',
166 silly get     via: '1.1 varnish',
166 silly get     age: '272',
166 silly get     connection: 'keep-alive',
166 silly get     'x-served-by': 'cache-sjc3133-SJC',
166 silly get     'x-cache': 'HIT',
166 silly get     'x-cache-hits': '5',
166 silly get     'x-timer': 'S1460174543.609624,VS0,VE0',
166 silly get     vary: 'Accept-Encoding' } ]
167 verbose get saving commander to /home/huanpc/.npm/registry.npmjs.org/commander/.cache.json
168 verbose correctMkdir /home/huanpc/.npm correctMkdir not in flight; initializing
169 silly resolveWithNewModule commander@2.7.1 checking installable status
170 silly cache add args [ 'commander@2.7.1', null ]
171 verbose cache add spec commander@2.7.1
172 silly cache add parsed spec Result {
172 silly cache add   raw: 'commander@2.7.1',
172 silly cache add   scope: null,
172 silly cache add   name: 'commander',
172 silly cache add   rawSpec: '2.7.1',
172 silly cache add   spec: '2.7.1',
172 silly cache add   type: 'version' }
173 silly addNamed commander@2.7.1
174 verbose addNamed "2.7.1" is a plain semver version for commander
175 silly mapToRegistry name commander
176 silly mapToRegistry using default registry
177 silly mapToRegistry registry https://registry.npmjs.org/
178 silly mapToRegistry data Result {
178 silly mapToRegistry   raw: 'commander',
178 silly mapToRegistry   scope: null,
178 silly mapToRegistry   name: 'commander',
178 silly mapToRegistry   rawSpec: '',
178 silly mapToRegistry   spec: 'latest',
178 silly mapToRegistry   type: 'tag' }
179 silly mapToRegistry uri https://registry.npmjs.org/commander
180 verbose addNameVersion registry:https://registry.npmjs.org/commander not in flight; fetching
181 verbose get https://registry.npmjs.org/commander not expired, no request
182 silly mapToRegistry name commander
183 silly mapToRegistry using default registry
184 silly mapToRegistry registry https://registry.npmjs.org/
185 silly mapToRegistry data Result {
185 silly mapToRegistry   raw: 'commander',
185 silly mapToRegistry   scope: null,
185 silly mapToRegistry   name: 'commander',
185 silly mapToRegistry   rawSpec: '',
185 silly mapToRegistry   spec: 'latest',
185 silly mapToRegistry   type: 'tag' }
186 silly mapToRegistry uri https://registry.npmjs.org/commander
187 verbose addRemoteTarball https://registry.npmjs.org/commander/-/commander-2.7.1.tgz not in flight; adding
188 verbose addRemoteTarball [ 'https://registry.npmjs.org/commander/-/commander-2.7.1.tgz',
188 verbose addRemoteTarball   '5d419a2bbed2c32ee3e4dca9bb45ab83ecc3065a' ]
189 info retry fetch attempt 1 at 11:02:24 AM
190 info attempt registry request try #1 at 11:02:24 AM
191 http fetch GET https://registry.npmjs.org/commander/-/commander-2.7.1.tgz
192 http fetch 200 https://registry.npmjs.org/commander/-/commander-2.7.1.tgz
193 silly fetchAndShaCheck shasum 5d419a2bbed2c32ee3e4dca9bb45ab83ecc3065a
194 verbose addTmpTarball /tmp/npm-7414-008c7505/registry.npmjs.org/commander/-/commander-2.7.1.tgz not in flight; adding
195 verbose addTmpTarball already have metadata; skipping unpack for commander@2.7.1
196 verbose correctMkdir /home/huanpc/.npm correctMkdir not in flight; initializing
197 silly cache afterAdd commander@2.7.1
198 verbose afterAdd /home/huanpc/.npm/commander/2.7.1/package/package.json not in flight; writing
199 verbose correctMkdir /home/huanpc/.npm correctMkdir not in flight; initializing
200 verbose afterAdd /home/huanpc/.npm/commander/2.7.1/package/package.json written
201 silly fetchNamedPackageData graceful-readlink
202 silly mapToRegistry name graceful-readlink
203 silly mapToRegistry using default registry
204 silly mapToRegistry registry https://registry.npmjs.org/
205 silly mapToRegistry data Result {
205 silly mapToRegistry   raw: 'graceful-readlink',
205 silly mapToRegistry   scope: null,
205 silly mapToRegistry   name: 'graceful-readlink',
205 silly mapToRegistry   rawSpec: '',
205 silly mapToRegistry   spec: 'latest',
205 silly mapToRegistry   type: 'tag' }
206 silly mapToRegistry uri https://registry.npmjs.org/graceful-readlink
207 verbose request uri https://registry.npmjs.org/graceful-readlink
208 verbose request no auth needed
209 info attempt registry request try #1 at 11:02:24 AM
210 verbose etag "4Y89F8JDJP0YPHGBB0IMVMPJA"
211 http request GET https://registry.npmjs.org/graceful-readlink
212 http 304 https://registry.npmjs.org/graceful-readlink
213 verbose headers { date: 'Sat, 09 Apr 2016 04:02:25 GMT',
213 verbose headers   via: '1.1 varnish',
213 verbose headers   'cache-control': 'max-age=300',
213 verbose headers   etag: '"4Y89F8JDJP0YPHGBB0IMVMPJA"',
213 verbose headers   age: '227',
213 verbose headers   connection: 'keep-alive',
213 verbose headers   'x-served-by': 'cache-sjc3128-SJC',
213 verbose headers   'x-cache': 'HIT',
213 verbose headers   'x-cache-hits': '10',
213 verbose headers   'x-timer': 'S1460174545.009950,VS0,VE0',
213 verbose headers   vary: 'Accept-Encoding' }
214 silly get cb [ 304,
214 silly get   { date: 'Sat, 09 Apr 2016 04:02:25 GMT',
214 silly get     via: '1.1 varnish',
214 silly get     'cache-control': 'max-age=300',
214 silly get     etag: '"4Y89F8JDJP0YPHGBB0IMVMPJA"',
214 silly get     age: '227',
214 silly get     connection: 'keep-alive',
214 silly get     'x-served-by': 'cache-sjc3128-SJC',
214 silly get     'x-cache': 'HIT',
214 silly get     'x-cache-hits': '10',
214 silly get     'x-timer': 'S1460174545.009950,VS0,VE0',
214 silly get     vary: 'Accept-Encoding' } ]
215 verbose etag https://registry.npmjs.org/graceful-readlink from cache
216 verbose get saving graceful-readlink to /home/huanpc/.npm/registry.npmjs.org/graceful-readlink/.cache.json
217 verbose correctMkdir /home/huanpc/.npm correctMkdir not in flight; initializing
218 silly resolveWithNewModule graceful-readlink@1.0.1 checking installable status
219 silly cache add args [ 'graceful-readlink@>= 1.0.0', null ]
220 verbose cache add spec graceful-readlink@>= 1.0.0
221 silly cache add parsed spec Result {
221 silly cache add   raw: 'graceful-readlink@>= 1.0.0',
221 silly cache add   scope: null,
221 silly cache add   name: 'graceful-readlink',
221 silly cache add   rawSpec: '>= 1.0.0',
221 silly cache add   spec: '>=1.0.0',
221 silly cache add   type: 'range' }
222 silly addNamed graceful-readlink@>=1.0.0
223 verbose addNamed ">=1.0.0" is a valid semver range for graceful-readlink
224 silly addNameRange { name: 'graceful-readlink', range: '>=1.0.0', hasData: false }
225 silly mapToRegistry name graceful-readlink
226 silly mapToRegistry using default registry
227 silly mapToRegistry registry https://registry.npmjs.org/
228 silly mapToRegistry data Result {
228 silly mapToRegistry   raw: 'graceful-readlink',
228 silly mapToRegistry   scope: null,
228 silly mapToRegistry   name: 'graceful-readlink',
228 silly mapToRegistry   rawSpec: '',
228 silly mapToRegistry   spec: 'latest',
228 silly mapToRegistry   type: 'tag' }
229 silly mapToRegistry uri https://registry.npmjs.org/graceful-readlink
230 verbose addNameRange registry:https://registry.npmjs.org/graceful-readlink not in flight; fetching
231 verbose get https://registry.npmjs.org/graceful-readlink not expired, no request
232 silly addNameRange number 2 { name: 'graceful-readlink', range: '>=1.0.0', hasData: true }
233 silly addNameRange versions [ 'graceful-readlink', [ '1.0.0', '1.0.1' ] ]
234 silly addNamed graceful-readlink@1.0.1
235 verbose addNamed "1.0.1" is a plain semver version for graceful-readlink
236 silly cache afterAdd graceful-readlink@1.0.1
237 verbose afterAdd /home/huanpc/.npm/graceful-readlink/1.0.1/package/package.json not in flight; writing
238 verbose correctMkdir /home/huanpc/.npm correctMkdir not in flight; initializing
239 verbose afterAdd /home/huanpc/.npm/graceful-readlink/1.0.1/package/package.json written
240 silly fetchNamedPackageData minimist
241 silly mapToRegistry name minimist
242 silly mapToRegistry using default registry
243 silly mapToRegistry registry https://registry.npmjs.org/
244 silly mapToRegistry data Result {
244 silly mapToRegistry   raw: 'minimist',
244 silly mapToRegistry   scope: null,
244 silly mapToRegistry   name: 'minimist',
244 silly mapToRegistry   rawSpec: '',
244 silly mapToRegistry   spec: 'latest',
244 silly mapToRegistry   type: 'tag' }
245 silly mapToRegistry uri https://registry.npmjs.org/minimist
246 verbose request uri https://registry.npmjs.org/minimist
247 verbose request no auth needed
248 info attempt registry request try #1 at 11:02:25 AM
249 verbose etag "AO7TGL9T6L9VGGWW4MLEE2D8G"
250 http request GET https://registry.npmjs.org/minimist
251 http 304 https://registry.npmjs.org/minimist
252 verbose headers { date: 'Sat, 09 Apr 2016 04:02:25 GMT',
252 verbose headers   via: '1.1 varnish',
252 verbose headers   'cache-control': 'max-age=300',
252 verbose headers   etag: '"AO7TGL9T6L9VGGWW4MLEE2D8G"',
252 verbose headers   age: '110',
252 verbose headers   connection: 'keep-alive',
252 verbose headers   'x-served-by': 'cache-sjc3133-SJC',
252 verbose headers   'x-cache': 'HIT',
252 verbose headers   'x-cache-hits': '9',
252 verbose headers   'x-timer': 'S1460174545.289693,VS0,VE0',
252 verbose headers   vary: 'Accept-Encoding' }
253 silly get cb [ 304,
253 silly get   { date: 'Sat, 09 Apr 2016 04:02:25 GMT',
253 silly get     via: '1.1 varnish',
253 silly get     'cache-control': 'max-age=300',
253 silly get     etag: '"AO7TGL9T6L9VGGWW4MLEE2D8G"',
253 silly get     age: '110',
253 silly get     connection: 'keep-alive',
253 silly get     'x-served-by': 'cache-sjc3133-SJC',
253 silly get     'x-cache': 'HIT',
253 silly get     'x-cache-hits': '9',
253 silly get     'x-timer': 'S1460174545.289693,VS0,VE0',
253 silly get     vary: 'Accept-Encoding' } ]
254 verbose etag https://registry.npmjs.org/minimist from cache
255 verbose get saving minimist to /home/huanpc/.npm/registry.npmjs.org/minimist/.cache.json
256 verbose correctMkdir /home/huanpc/.npm correctMkdir not in flight; initializing
257 silly resolveWithNewModule minimist@0.0.8 checking installable status
258 silly cache add args [ 'minimist@0.0.8', null ]
259 verbose cache add spec minimist@0.0.8
260 silly cache add parsed spec Result {
260 silly cache add   raw: 'minimist@0.0.8',
260 silly cache add   scope: null,
260 silly cache add   name: 'minimist',
260 silly cache add   rawSpec: '0.0.8',
260 silly cache add   spec: '0.0.8',
260 silly cache add   type: 'version' }
261 silly addNamed minimist@0.0.8
262 verbose addNamed "0.0.8" is a plain semver version for minimist
263 silly mapToRegistry name minimist
264 silly mapToRegistry using default registry
265 silly mapToRegistry registry https://registry.npmjs.org/
266 silly mapToRegistry data Result {
266 silly mapToRegistry   raw: 'minimist',
266 silly mapToRegistry   scope: null,
266 silly mapToRegistry   name: 'minimist',
266 silly mapToRegistry   rawSpec: '',
266 silly mapToRegistry   spec: 'latest',
266 silly mapToRegistry   type: 'tag' }
267 silly mapToRegistry uri https://registry.npmjs.org/minimist
268 verbose addNameVersion registry:https://registry.npmjs.org/minimist not in flight; fetching
269 verbose get https://registry.npmjs.org/minimist not expired, no request
270 silly cache afterAdd minimist@0.0.8
271 verbose afterAdd /home/huanpc/.npm/minimist/0.0.8/package/package.json not in flight; writing
272 verbose correctMkdir /home/huanpc/.npm correctMkdir not in flight; initializing
273 verbose afterAdd /home/huanpc/.npm/minimist/0.0.8/package/package.json written
274 silly loadAllDepsIntoIdealTree Finishing
275 silly idealTree:prePrune lib
275 silly idealTree:prePrune └─┬ express-generator@4.13.1
275 silly idealTree:prePrune   ├── commander@2.7.1
275 silly idealTree:prePrune   ├── graceful-readlink@1.0.1
275 silly idealTree:prePrune   ├── minimist@0.0.8
275 silly idealTree:prePrune   ├── mkdirp@0.5.1
275 silly idealTree:prePrune   └── sorted-object@1.0.0
276 silly loadIdealTree Finishing
277 silly currentTree lib
277 silly currentTree └─┬ express-generator@4.13.1
277 silly currentTree   ├─┬ commander@2.7.1
277 silly currentTree   │ └── graceful-readlink@1.0.1
277 silly currentTree   ├─┬ mkdirp@0.5.1
277 silly currentTree   │ └── minimist@0.0.8
277 silly currentTree   └── sorted-object@1.0.0
278 silly idealTree lib
278 silly idealTree └─┬ express-generator@4.13.1
278 silly idealTree   ├── commander@2.7.1
278 silly idealTree   ├── graceful-readlink@1.0.1
278 silly idealTree   ├── minimist@0.0.8
278 silly idealTree   ├── mkdirp@0.5.1
278 silly idealTree   └── sorted-object@1.0.0
279 silly generateActionsToTake Starting
280 silly install generateActionsToTake
281 warn checkPermissions Missing write access to /usr/local/lib/node_modules/express-generator/node_modules/commander/node_modules/graceful-readlink
282 warn checkPermissions Missing write access to /usr/local/lib/node_modules/express-generator/node_modules/commander
283 warn checkPermissions Missing write access to /usr/local/lib/node_modules/express-generator/node_modules/mkdirp/node_modules/minimist
284 warn checkPermissions Missing write access to /usr/local/lib/node_modules/express-generator/node_modules/sorted-object
285 warn checkPermissions Missing write access to /usr/local/lib/node_modules/express-generator
286 warn checkPermissions Missing write access to /usr/local/lib/node_modules/express-generator/node_modules/commander/node_modules
287 warn checkPermissions Missing write access to /usr/local/lib/node_modules/express-generator/node_modules
288 warn checkPermissions Missing write access to /usr/local/lib/node_modules/express-generator/node_modules/mkdirp/node_modules
289 warn checkPermissions Missing write access to /usr/local/lib/node_modules
290 silly rollbackFailedOptional Starting
291 silly rollbackFailedOptional Finishing
292 silly runTopLevelLifecycles Starting
293 silly runTopLevelLifecycles Finishing
294 silly install printInstalled
295 verbose stack Error: EACCES: permission denied, access '/usr/local/lib/node_modules/express-generator/node_modules/commander/node_modules/graceful-readlink'
295 verbose stack     at Error (native)
296 verbose cwd /media/huanpc/DATA4/EdTech/github/stream-server
297 error Linux 3.16.0-57-generic
298 error argv "/usr/local/bin/node" "/usr/local/bin/npm" "install" "express-generator" "-g"
299 error node v5.10.1
300 error npm  v3.8.5
301 error path /usr/local/lib/node_modules/express-generator/node_modules/commander/node_modules/graceful-readlink
302 error code EACCES
303 error errno -13
304 error syscall access
305 error Error: EACCES: permission denied, access '/usr/local/lib/node_modules/express-generator/node_modules/commander/node_modules/graceful-readlink'
305 error     at Error (native)
305 error  { [Error: EACCES: permission denied, access '/usr/local/lib/node_modules/express-generator/node_modules/commander/node_modules/graceful-readlink']
305 error   errno: -13,
305 error   code: 'EACCES',
305 error   syscall: 'access',
305 error   path: '/usr/local/lib/node_modules/express-generator/node_modules/commander/node_modules/graceful-readlink' }
306 error Please try running this command again as root/Administrator.
307 verbose exit [ -13, true ]
